d:\c++game projects\dsa mat2\minesweepercpp\minesweeper\minesweeper\x64\debug\vc143.pdb
d:\c++game projects\dsa mat2\minesweepercpp\minesweeper\minesweeper\x64\debug\vc143.idb
d:\c++game projects\dsa mat2\minesweepercpp\minesweeper\minesweeper\x64\debug\positionutils.obj
d:\c++game projects\dsa mat2\minesweepercpp\minesweeper\minesweeper\x64\debug\inputmanager.obj
d:\c++game projects\dsa mat2\minesweepercpp\minesweeper\minesweeper\x64\debug\gameloop.obj
d:\c++game projects\dsa mat2\minesweepercpp\minesweeper\minesweeper\x64\debug\game.obj
d:\c++game projects\dsa mat2\minesweepercpp\minesweeper\minesweeper\x64\debug\directionutils.obj
d:\c++game projects\dsa mat2\minesweepercpp\minesweeper\minesweeper\x64\debug\box.obj
d:\c++game projects\dsa mat2\minesweepercpp\minesweeper\minesweeper\x64\debug\board.obj
d:\c++game projects\dsa mat2\minesweepercpp\minesweeper\minesweeper\x64\debug\minesweeper.obj
d:\c++game projects\dsa mat2\minesweepercpp\minesweeper\x64\debug\minesweeper.exe
d:\c++game projects\dsa mat2\minesweepercpp\minesweeper\x64\debug\minesweeper.pdb
d:\c++game projects\dsa mat2\minesweepercpp\minesweeper\minesweeper\x64\debug\minesweeper.ilk
d:\c++game projects\dsa mat2\minesweepercpp\minesweeper\minesweeper\x64\debug\minesweeper.tlog\cl.command.1.tlog
d:\c++game projects\dsa mat2\minesweepercpp\minesweeper\minesweeper\x64\debug\minesweeper.tlog\cl.items.tlog
d:\c++game projects\dsa mat2\minesweepercpp\minesweeper\minesweeper\x64\debug\minesweeper.tlog\cl.read.1.tlog
d:\c++game projects\dsa mat2\minesweepercpp\minesweeper\minesweeper\x64\debug\minesweeper.tlog\cl.write.1.tlog
d:\c++game projects\dsa mat2\minesweepercpp\minesweeper\minesweeper\x64\debug\minesweeper.tlog\link.command.1.tlog
d:\c++game projects\dsa mat2\minesweepercpp\minesweeper\minesweeper\x64\debug\minesweeper.tlog\link.read.1.tlog
d:\c++game projects\dsa mat2\minesweepercpp\minesweeper\minesweeper\x64\debug\minesweeper.tlog\link.secondary.1.tlog
d:\c++game projects\dsa mat2\minesweepercpp\minesweeper\minesweeper\x64\debug\minesweeper.tlog\link.write.1.tlog
